#
# There is insufficient memory for the Java Runtime Environment to continue.
# Cannot create GC thread. Out of system resources.
# Possible reasons:
#   The system is out of physical RAM or swap space
#   The process is running with CompressedOops enabled, and the Java Heap may be blocking the growth of the native heap
# Possible solutions:
#   Reduce memory load on the system
#   Increase physical memory or swap space
#   Check if swap backing store is full
#   Decrease Java heap size (-Xmx/-Xms)
#   Decrease number of Java threads
#   Decrease Java thread stack sizes (-Xss)
#   Set larger code cache with -XX:ReservedCodeCacheSize=
# This output file may be truncated or incomplete.
#
#  Out of Memory Error (gcTaskThread.cpp:48), pid=20214, tid=0x00007fe1c4a2bb80
#
# JRE version:  (8.0_202-b49) (build )
# Java VM: OpenJDK 64-Bit Server VM (25.202-b49 mixed mode linux-amd64 compressed oops)
# Failed to write core dump. Core dumps have been disabled. To enable core dumping, try "ulimit -c unlimited" before starting Java again
#

---------------  T H R E A D  ---------------

Current thread (0x0000000001745800):  JavaThread "Unknown thread" [_thread_in_vm, id=20214, stack(0x00007fff257fd000,0x00007fff258fd000)]

Stack: [0x00007fff257fd000,0x00007fff258fd000],  sp=0x00007fff258f67a0,  free space=997k
Native frames: (J=compiled Java code, j=interpreted, Vv=VM code, C=native code)
V  [libjvm.so+0xa4458e]  VMError::report_and_die()+0x14e
V  [libjvm.so+0x4dfff9]  report_vm_out_of_memory(char const*, int, unsigned long, VMErrorType, char const*)+0x99
V  [libjvm.so+0x5adaa7]  GCTaskThread::GCTaskThread(GCTaskManager*, unsigned int, unsigned int)+0x157
V  [libjvm.so+0x5ad32d]  GCTaskManager::initialize()+0x3ad
V  [libjvm.so+0x8d130b]  ParallelScavengeHeap::initialize()+0x35b
V  [libjvm.so+0xa0efd1]  Universe::initialize_heap()+0x101
V  [libjvm.so+0xa10083]  universe_init()+0x33
V  [libjvm.so+0x60d435]  init_globals()+0x55
V  [libjvm.so+0x9f4aa7]  Threads::create_vm(JavaVMInitArgs*, bool*)+0x207
V  [libjvm.so+0x6723c4]  JNI_CreateJavaVM+0x74
C  [libjli.so+0x75f7]  JavaMain+0x87
C  [libjli.so+0xb5f3]  ContinueInNewThread0+0x63
C  [libjli.so+0x6b14]  ContinueInNewThread+0x64
C  [libjli.so+0x9db8]  JLI_Launch+0x978
C  [java+0x696]
C  [libc.so.6+0x21b97]  __libc_start_main+0xe7


---------------  P R O C E S S  ---------------

Java Threads: ( => current thread )

Other Threads:

=>0x0000000001745800 (exited) JavaThread "Unknown thread" [_thread_in_vm, id=20214, stack(0x00007fff257fd000,0x00007fff258fd000)]

VM state:not at safepoint (not fully initialized)

VM Mutex/Monitor currently owned by a thread: None

heap address: 0x0000000084a00000, size: 1974 MB, Compressed Oops mode: Non-zero based:0x00000000849ff000
Narrow klass base: 0x0000000000000000, Narrow klass shift: 0

GC Heap History (0 events):
No events

Deoptimization events (0 events):
No events

Classes redefined (0 events):
No events

Internal exceptions (0 events):
No events

Events (0 events):
No events


Dynamic libraries:
00400000-00401000 r-xp 00000000 08:08 27531                              /media/ide/Idea/jre64/bin/java
00600000-00601000 rw-p 00000000 08:08 27531                              /media/ide/Idea/jre64/bin/java
01739000-0177b000 rw-p 00000000 00:00 0                                  [heap]
84a00000-89d00000 rw-p 00000000 00:00 0 
89d00000-d6e00000 ---p 00000000 00:00 0 
d6e00000-d9700000 rw-p 00000000 00:00 0 
d9700000-100000000 ---p 00000000 00:00 0 
7fe1b1dac000-7fe1b2052000 rw-p 00000000 00:00 0 
7fe1b2052000-7fe1b22ba000 ---p 00000000 00:00 0 
7fe1b22ba000-7fe1b22e4000 rw-p 00000000 00:00 0 
7fe1b22e4000-7fe1b254c000 ---p 00000000 00:00 0 
7fe1b254c000-7fe1b2561000 rw-p 00000000 00:00 0 
7fe1b2561000-7fe1b2695000 ---p 00000000 00:00 0 
7fe1b2695000-7fe1b26a0000 rw-p 00000000 00:00 0 
7fe1b26a0000-7fe1b2a56000 ---p 00000000 00:00 0 
7fe1b2a56000-7fe1b2cc6000 rwxp 00000000 00:00 0 
7fe1b2cc6000-7fe1c1a56000 ---p 00000000 00:00 0 
7fe1c1a56000-7fe1c1a71000 r-xp 00000000 08:08 27423                      /media/ide/Idea/jre64/lib/amd64/libzip.so
7fe1c1a71000-7fe1c1c70000 ---p 0001b000 08:08 27423                      /media/ide/Idea/jre64/lib/amd64/libzip.so
7fe1c1c70000-7fe1c1c71000 rw-p 0001a000 08:08 27423                      /media/ide/Idea/jre64/lib/amd64/libzip.so
7fe1c1c71000-7fe1c1c7c000 r-xp 00000000 08:04 1189624                    /lib/x86_64-linux-gnu/libnss_files-2.27.so
7fe1c1c7c000-7fe1c1e7b000 ---p 0000b000 08:04 1189624                    /lib/x86_64-linux-gnu/libnss_files-2.27.so
7fe1c1e7b000-7fe1c1e7c000 r--p 0000a000 08:04 1189624                    /lib/x86_64-linux-gnu/libnss_files-2.27.so
7fe1c1e7c000-7fe1c1e7d000 rw-p 0000b000 08:04 1189624                    /lib/x86_64-linux-gnu/libnss_files-2.27.so
7fe1c1e7d000-7fe1c1e83000 rw-p 00000000 00:00 0 
7fe1c1e83000-7fe1c1e9a000 r-xp 00000000 08:04 1189618                    /lib/x86_64-linux-gnu/libnsl-2.27.so
7fe1c1e9a000-7fe1c2099000 ---p 00017000 08:04 1189618                    /lib/x86_64-linux-gnu/libnsl-2.27.so
7fe1c2099000-7fe1c209a000 r--p 00016000 08:04 1189618                    /lib/x86_64-linux-gnu/libnsl-2.27.so
7fe1c209a000-7fe1c209b000 rw-p 00017000 08:04 1189618                    /lib/x86_64-linux-gnu/libnsl-2.27.so
7fe1c209b000-7fe1c209d000 rw-p 00000000 00:00 0 
7fe1c209d000-7fe1c20a8000 r-xp 00000000 08:04 1189635                    /lib/x86_64-linux-gnu/libnss_nis-2.27.so
7fe1c20a8000-7fe1c22a7000 ---p 0000b000 08:04 1189635                    /lib/x86_64-linux-gnu/libnss_nis-2.27.so
7fe1c22a7000-7fe1c22a8000 r--p 0000a000 08:04 1189635                    /lib/x86_64-linux-gnu/libnss_nis-2.27.so
7fe1c22a8000-7fe1c22a9000 rw-p 0000b000 08:04 1189635                    /lib/x86_64-linux-gnu/libnss_nis-2.27.so
7fe1c22a9000-7fe1c22b1000 r-xp 00000000 08:04 1189620                    /lib/x86_64-linux-gnu/libnss_compat-2.27.so
7fe1c22b1000-7fe1c24b1000 ---p 00008000 08:04 1189620                    /lib/x86_64-linux-gnu/libnss_compat-2.27.so
7fe1c24b1000-7fe1c24b2000 r--p 00008000 08:04 1189620                    /lib/x86_64-linux-gnu/libnss_compat-2.27.so
7fe1c24b2000-7fe1c24b3000 rw-p 00009000 08:04 1189620                    /lib/x86_64-linux-gnu/libnss_compat-2.27.so
7fe1c24b3000-7fe1c24dd000 r-xp 00000000 08:08 27393                      /media/ide/Idea/jre64/lib/amd64/libjava.so
7fe1c24dd000-7fe1c26dc000 ---p 0002a000 08:08 27393                      /media/ide/Idea/jre64/lib/amd64/libjava.so
7fe1c26dc000-7fe1c26de000 rw-p 00029000 08:08 27393                      /media/ide/Idea/jre64/lib/amd64/libjava.so
7fe1c26de000-7fe1c26ed000 r-xp 00000000 08:08 27422                      /media/ide/Idea/jre64/lib/amd64/libverify.so
7fe1c26ed000-7fe1c28ec000 ---p 0000f000 08:08 27422                      /media/ide/Idea/jre64/lib/amd64/libverify.so
7fe1c28ec000-7fe1c28ee000 rw-p 0000e000 08:08 27422                      /media/ide/Idea/jre64/lib/amd64/libverify.so
7fe1c28ee000-7fe1c28f5000 r-xp 00000000 08:04 1189675                    /lib/x86_64-linux-gnu/librt-2.27.so
7fe1c28f5000-7fe1c2af4000 ---p 00007000 08:04 1189675                    /lib/x86_64-linux-gnu/librt-2.27.so
7fe1c2af4000-7fe1c2af5000 r--p 00006000 08:04 1189675                    /lib/x86_64-linux-gnu/librt-2.27.so
7fe1c2af5000-7fe1c2af6000 rw-p 00007000 08:04 1189675                    /lib/x86_64-linux-gnu/librt-2.27.so
7fe1c2af6000-7fe1c2c93000 r-xp 00000000 08:04 1189597                    /lib/x86_64-linux-gnu/libm-2.27.so
7fe1c2c93000-7fe1c2e92000 ---p 0019d000 08:04 1189597                    /lib/x86_64-linux-gnu/libm-2.27.so
7fe1c2e92000-7fe1c2e93000 r--p 0019c000 08:04 1189597                    /lib/x86_64-linux-gnu/libm-2.27.so
7fe1c2e93000-7fe1c2e94000 rw-p 0019d000 08:04 1189597                    /lib/x86_64-linux-gnu/libm-2.27.so
7fe1c2e94000-7fe1c3ae3000 r-xp 00000000 08:08 27427                      /media/ide/Idea/jre64/lib/amd64/server/libjvm.so
7fe1c3ae3000-7fe1c3ce3000 ---p 00c4f000 08:08 27427                      /media/ide/Idea/jre64/lib/amd64/server/libjvm.so
7fe1c3ce3000-7fe1c3db3000 rw-p 00c4f000 08:08 27427                      /media/ide/Idea/jre64/lib/amd64/server/libjvm.so
7fe1c3db3000-7fe1c3df5000 rw-p 00000000 00:00 0 
7fe1c3df5000-7fe1c3fdc000 r-xp 00000000 08:04 1189534                    /lib/x86_64-linux-gnu/libc-2.27.so
7fe1c3fdc000-7fe1c41dc000 ---p 001e7000 08:04 1189534                    /lib/x86_64-linux-gnu/libc-2.27.so
7fe1c41dc000-7fe1c41e0000 r--p 001e7000 08:04 1189534                    /lib/x86_64-linux-gnu/libc-2.27.so
7fe1c41e0000-7fe1c41e2000 rw-p 001eb000 08:04 1189534                    /lib/x86_64-linux-gnu/libc-2.27.so
7fe1c41e2000-7fe1c41e6000 rw-p 00000000 00:00 0 
7fe1c41e6000-7fe1c41e9000 r-xp 00000000 08:04 1189557                    /lib/x86_64-linux-gnu/libdl-2.27.so
7fe1c41e9000-7fe1c43e8000 ---p 00003000 08:04 1189557                    /lib/x86_64-linux-gnu/libdl-2.27.so
7fe1c43e8000-7fe1c43e9000 r--p 00002000 08:04 1189557                    /lib/x86_64-linux-gnu/libdl-2.27.so
7fe1c43e9000-7fe1c43ea000 rw-p 00003000 08:04 1189557                    /lib/x86_64-linux-gnu/libdl-2.27.so
7fe1c43ea000-7fe1c43ff000 r-xp 00000000 08:08 27374                      /media/ide/Idea/jre64/lib/amd64/jli/libjli.so
7fe1c43ff000-7fe1c45ff000 ---p 00015000 08:08 27374                      /media/ide/Idea/jre64/lib/amd64/jli/libjli.so
7fe1c45ff000-7fe1c4600000 rw-p 00015000 08:08 27374                      /media/ide/Idea/jre64/lib/amd64/jli/libjli.so
7fe1c4600000-7fe1c461a000 r-xp 00000000 08:04 1189667                    /lib/x86_64-linux-gnu/libpthread-2.27.so
7fe1c461a000-7fe1c4819000 ---p 0001a000 08:04 1189667                    /lib/x86_64-linux-gnu/libpthread-2.27.so
7fe1c4819000-7fe1c481a000 r--p 00019000 08:04 1189667                    /lib/x86_64-linux-gnu/libpthread-2.27.so
7fe1c481a000-7fe1c481b000 rw-p 0001a000 08:04 1189667                    /lib/x86_64-linux-gnu/libpthread-2.27.so
7fe1c481b000-7fe1c481f000 rw-p 00000000 00:00 0 
7fe1c481f000-7fe1c4846000 r-xp 00000000 08:04 1189506                    /lib/x86_64-linux-gnu/ld-2.27.so
7fe1c492a000-7fe1c492b000 ---p 00000000 00:00 0 
7fe1c492b000-7fe1c4a2f000 rw-p 00000000 00:00 0 
7fe1c4a3c000-7fe1c4a44000 rw-s 00000000 08:04 131196                     /tmp/hsperfdata_vincenzo/20214
7fe1c4a44000-7fe1c4a45000 rw-p 00000000 00:00 0 
7fe1c4a45000-7fe1c4a46000 r--p 00000000 00:00 0 
7fe1c4a46000-7fe1c4a47000 r--p 00027000 08:04 1189506                    /lib/x86_64-linux-gnu/ld-2.27.so
7fe1c4a47000-7fe1c4a48000 rw-p 00028000 08:04 1189506                    /lib/x86_64-linux-gnu/ld-2.27.so
7fe1c4a48000-7fe1c4a49000 rw-p 00000000 00:00 0 
7fff257fd000-7fff25800000 ---p 00000000 00:00 0 
7fff25800000-7fff258fd000 rw-p 00000000 00:00 0                          [stack]
7fff25909000-7fff2590c000 r--p 00000000 00:00 0                          [vvar]
7fff2590c000-7fff2590e000 r-xp 00000000 00:00 0                          [vdso]
ffffffffff600000-ffffffffff601000 r-xp 00000000 00:00 0                  [vsyscall]

VM Arguments:
java_command: org.jetbrains.git4idea.http.GitAskPassApp Password for 'https://github.com': 
java_class_path (initial): /media/ide/Idea/plugins/git4idea/lib/git4idea-rt.jar:/media/ide/Idea/lib/xmlrpc-2.0.1.jar:/media/ide/Idea/lib/commons-codec-1.10.jar:/media/ide/Idea/lib/util.jar
Launcher Type: SUN_STANDARD

Environment Variables:
PATH=/usr/lib/git-core:/home/vincenzo/bin:/home/vincenzo/.local/bin:/usr/local/sbin:/usr/local/bin:/usr/sbin:/usr/bin:/sbin:/bin:/usr/games:/usr/local/games:/snap/bin
USERNAME=vincenzo
SHELL=/bin/bash
DISPLAY=:0

Signal Handlers:
SIGSEGV: [libjvm.so+0xa44f70], sa_mask[0]=11111111011111111101111111111110, sa_flags=SA_RESTART|SA_SIGINFO
SIGBUS: [libjvm.so+0xa44f70], sa_mask[0]=11111111011111111101111111111110, sa_flags=SA_RESTART|SA_SIGINFO
SIGFPE: [libjvm.so+0x8add30], sa_mask[0]=11111111011111111101111111111110, sa_flags=SA_RESTART|SA_SIGINFO
SIGPIPE: [libjvm.so+0x8add30], sa_mask[0]=11111111011111111101111111111110, sa_flags=SA_RESTART|SA_SIGINFO
SIGXFSZ: [libjvm.so+0x8add30], sa_mask[0]=11111111011111111101111111111110, sa_flags=SA_RESTART|SA_SIGINFO
SIGILL: [libjvm.so+0x8add30], sa_mask[0]=11111111011111111101111111111110, sa_flags=SA_RESTART|SA_SIGINFO
SIGUSR1: SIG_DFL, sa_mask[0]=00000000000000000000000000000000, sa_flags=none
SIGUSR2: [libjvm.so+0x8af430], sa_mask[0]=00100000000000000000000000000000, sa_flags=SA_RESTART|SA_SIGINFO
SIGHUP: SIG_DFL, sa_mask[0]=00000000000000000000000000000000, sa_flags=none
SIGINT: SIG_DFL, sa_mask[0]=00000000000000000000000000000000, sa_flags=none
SIGTERM: SIG_DFL, sa_mask[0]=00000000000000000000000000000000, sa_flags=none
SIGQUIT: SIG_DFL, sa_mask[0]=00000000000000000000000000000000, sa_flags=none


---------------  S Y S T E M  ---------------

OS:DISTRIB_ID=Ubuntu
DISTRIB_RELEASE=18.04
DISTRIB_CODENAME=bionic
DISTRIB_DESCRIPTION="Ubuntu 18.04.2 LTS"

uname:Linux 4.18.0-20-generic #21~18.04.1-Ubuntu SMP Wed May 8 08:43:37 UTC 2019 x86_64
libc:glibc 2.27 NPTL 2.27 
rlimit: STACK 8192k, CORE 0k, NPROC 31124, NOFILE 4096, AS infinity
load average:0.21 0.68 0.59

/proc/meminfo:
MemTotal:        8080856 kB
MemFree:         1719108 kB
MemAvailable:    3934128 kB
Buffers:          829672 kB
Cached:          1736216 kB
SwapCached:            0 kB
Active:          3923088 kB
Inactive:        1675584 kB
Active(anon):    3034036 kB
Inactive(anon):   210236 kB
Active(file):     889052 kB
Inactive(file):  1465348 kB
Unevictable:          32 kB
Mlocked:              32 kB
SwapTotal:       4106236 kB
SwapFree:        4106236 kB
Dirty:               140 kB
Writeback:             0 kB
AnonPages:       3032740 kB
Mapped:           306128 kB
Shmem:            211492 kB
Slab:             293136 kB
SReclaimable:     165172 kB
SUnreclaim:       127964 kB
KernelStack:      178384 kB
PageTables:        70388 kB
NFS_Unstable:          0 kB
Bounce:                0 kB
WritebackTmp:          0 kB
CommitLimit:     8146664 kB
Committed_AS:   18594400 kB
VmallocTotal:   34359738367 kB
VmallocUsed:           0 kB
VmallocChunk:          0 kB
HardwareCorrupted:     0 kB
AnonHugePages:         0 kB
ShmemHugePages:        0 kB
ShmemPmdMapped:        0 kB
CmaTotal:              0 kB
CmaFree:               0 kB
HugePages_Total:       0
HugePages_Free:        0
HugePages_Rsvd:        0
HugePages_Surp:        0
Hugepagesize:       2048 kB
Hugetlb:               0 kB
DirectMap4k:      210108 kB
DirectMap2M:     4945920 kB
DirectMap1G:     4194304 kB

container (cgroup) information:
container_type: cgroupv1
cpu_cpuset_cpus: 0-3
cpu_memory_nodes: 0
active_processor_count: 4
cpu_quota: -1
cpu_period: 100000
cpu_shares: -1
memory_limit_in_bytes: -1
memory_and_swap_limit_in_bytes: -2
memory_soft_limit_in_bytes: -1
memory_usage_in_bytes: 5733130240
memory_max_usage_in_bytes: 0


CPU:total 4 (initial active 4) (2 cores per cpu, 2 threads per core) family 6 model 61 stepping 4, cmov, cx8, fxsr, mmx, sse, sse2, sse3, ssse3, sse4.1, sse4.2, popcnt, avx, avx2, aes, clmul, erms, 3dnowpref, lzcnt, ht, tsc, tscinvbit, bmi1, bmi2, adx

/proc/cpuinfo:
processor	: 0
vendor_id	: GenuineIntel
cpu family	: 6
model		: 61
model name	: Intel(R) Core(TM) i5-5200U CPU @ 2.20GHz
stepping	: 4
microcode	: 0x2d
cpu MHz		: 1994.690
cache size	: 3072 KB
physical id	: 0
siblings	: 4
core id		: 0
cpu cores	: 2
apicid		: 0
initial apicid	: 0
fpu		: yes
fpu_exception	: yes
cpuid level	: 20
wp		: yes
flags		: fpu vme de pse tsc msr pae mce cx8 apic sep mtrr pge mca cmov pat pse36 clflush dts acpi mmx fxsr sse sse2 ss ht tm pbe syscall nx pdpe1gb rdtscp lm constant_tsc arch_perfmon pebs bts rep_good nopl xtopology nonstop_tsc cpuid aperfmperf pni pclmulqdq dtes64 monitor ds_cpl vmx est tm2 ssse3 sdbg fma cx16 xtpr pdcm pcid sse4_1 sse4_2 x2apic movbe popcnt tsc_deadline_timer aes xsave avx f16c rdrand lahf_lm abm 3dnowprefetch cpuid_fault epb invpcid_single pti ssbd ibrs ibpb stibp tpr_shadow vnmi flexpriority ept vpid fsgsbase tsc_adjust bmi1 avx2 smep bmi2 erms invpcid rdseed adx smap intel_pt xsaveopt dtherm ida arat pln pts md_clear flush_l1d
bugs		: cpu_meltdown spectre_v1 spectre_v2 spec_store_bypass l1tf mds
bogomips	: 4389.84
clflush size	: 64
cache_alignment	: 64
address sizes	: 39 bits physical, 48 bits virtual
power management:

processor	: 1
vendor_id	: GenuineIntel
cpu family	: 6
model		: 61
model name	: Intel(R) Core(TM) i5-5200U CPU @ 2.20GHz
stepping	: 4
microcode	: 0x2d
cpu MHz		: 1458.287
cache size	: 3072 KB
physical id	: 0
siblings	: 4
core id		: 1
cpu cores	: 2
apicid		: 2
initial apicid	: 2
fpu		: yes
fpu_exception	: yes
cpuid level	: 20
wp		: yes
flags		: fpu vme de pse tsc msr pae mce cx8 apic sep mtrr pge mca cmov pat pse36 clflush dts acpi mmx fxsr sse sse2 ss ht tm pbe syscall nx pdpe1gb rdtscp lm constant_tsc arch_perfmon pebs bts rep_good nopl xtopology nonstop_tsc cpuid aperfmperf pni pclmulqdq dtes64 monitor ds_cpl vmx est tm2 ssse3 sdbg fma cx16 xtpr pdcm pcid sse4_1 sse4_2 x2apic movbe popcnt tsc_deadline_timer aes xsave avx f16c rdrand lahf_lm abm 3dnowprefetch cpuid_fault epb invpcid_single pti ssbd ibrs ibpb stibp tpr_shadow vnmi flexpriority ept vpid fsgsbase tsc_adjust bmi1 avx2 smep bmi2 erms invpcid rdseed adx smap intel_pt xsaveopt dtherm ida arat pln pts md_clear flush_l1d
bugs		: cpu_meltdown spectre_v1 spectre_v2 spec_store_bypass l1tf mds
bogomips	: 4389.84
clflush size	: 64
cache_alignment	: 64
address sizes	: 39 bits physical, 48 bits virtual
power management:

processor	: 2
vendor_id	: GenuineIntel
cpu family	: 6
model		: 61
model name	: Intel(R) Core(TM) i5-5200U CPU @ 2.20GHz
stepping	: 4
microcode	: 0x2d
cpu MHz		: 1985.095
cache size	: 3072 KB
physical id	: 0
siblings	: 4
core id		: 0
cpu cores	: 2
apicid		: 1
initial apicid	: 1
fpu		: yes
fpu_exception	: yes
cpuid level	: 20
wp		: yes
flags		: fpu vme de pse tsc msr pae mce cx8 apic sep mtrr pge mca cmov pat pse36 clflush dts acpi mmx fxsr sse sse2 ss ht tm pbe syscall nx pdpe1gb rdtscp lm constant_tsc arch_perfmon pebs bts rep_good nopl xtopology nonstop_tsc cpuid aperfmperf pni pclmulqdq dtes64 monitor ds_cpl vmx est tm2 ssse3 sdbg fma cx16 xtpr pdcm pcid sse4_1 sse4_2 x2apic movbe popcnt tsc_deadline_timer aes xsave avx f16c rdrand lahf_lm abm 3dnowprefetch cpuid_fault epb invpcid_single pti ssbd ibrs ibpb stibp tpr_shadow vnmi flexpriority ept vpid fsgsbase tsc_adjust bmi1 avx2 smep bmi2 erms invpcid rdseed adx smap intel_pt xsaveopt dtherm ida arat pln pts md_clear flush_l1d
bugs		: cpu_meltdown spectre_v1 spectre_v2 spec_store_bypass l1tf mds
bogomips	: 4389.84
clflush size	: 64
cache_alignment	: 64
address sizes	: 39 bits physical, 48 bits virtual
power management:

processor	: 3
vendor_id	: GenuineIntel
cpu family	: 6
model		: 61
model name	: Intel(R) Core(TM) i5-5200U CPU @ 2.20GHz
stepping	: 4
microcode	: 0x2d
cpu MHz		: 1703.650
cache size	: 3072 KB
physical id	: 0
siblings	: 4
core id		: 1
cpu cores	: 2
apicid		: 3
initial apicid	: 3
fpu		: yes
fpu_exception	: yes
cpuid level	: 20
wp		: yes
flags		: fpu vme de pse tsc msr pae mce cx8 apic sep mtrr pge mca cmov pat pse36 clflush dts acpi mmx fxsr sse sse2 ss ht tm pbe syscall nx pdpe1gb rdtscp lm constant_tsc arch_perfmon pebs bts rep_good nopl xtopology nonstop_tsc cpuid aperfmperf pni pclmulqdq dtes64 monitor ds_cpl vmx est tm2 ssse3 sdbg fma cx16 xtpr pdcm pcid sse4_1 sse4_2 x2apic movbe popcnt tsc_deadline_timer aes xsave avx f16c rdrand lahf_lm abm 3dnowprefetch cpuid_fault epb invpcid_single pti ssbd ibrs ibpb stibp tpr_shadow vnmi flexpriority ept vpid fsgsbase tsc_adjust bmi1 avx2 smep bmi2 erms invpcid rdseed adx smap intel_pt xsaveopt dtherm ida arat pln pts md_clear flush_l1d
bugs		: cpu_meltdown spectre_v1 spectre_v2 spec_store_bypass l1tf mds
bogomips	: 4389.84
clflush size	: 64
cache_alignment	: 64
address sizes	: 39 bits physical, 48 bits virtual
power management:



Memory: 4k page, physical 8080856k(1719108k free), swap 4106236k(4106236k free)

vm_info: OpenJDK 64-Bit Server VM (25.202-b49) for linux-amd64 JRE (1.8.0_202-release-1483-b49), built on Apr 10 2019 13:56:32 by "root" with gcc 4.4.7 20120313 (Red Hat 4.4.7-16)

time: Tue May 28 16:15:42 2019
timezone: EEST
elapsed time: 0 seconds (0d 0h 0m 0s)

